<?xml version="1.0" encoding="UTF-8"?>
<testng-results ignored="0" total="1" passed="1" failed="0" skipped="0">
  <reporter-output>
  </reporter-output>
  <suite started-at="2024-03-07T09:42:24 IST" name="Default suite" finished-at="2024-03-07T09:42:24 IST" duration-ms="51">
    <groups>
    </groups>
    <test started-at="2024-03-07T09:42:24 IST" name="Default test" finished-at="2024-03-07T09:42:24 IST" duration-ms="51">
      <class name="propertyfile.Propertyfile1">
        <test-method signature="fetchprop()[pri:0, instance:propertyfile.Propertyfile1@49c7b90e]" started-at="2024-03-07T09:42:24 IST" name="fetchprop" finished-at="2024-03-07T09:42:24 IST" duration-ms="7" status="PASS">
          <reporter-output>
          </reporter-output>
        </test-method> <!-- fetchprop -->
      </class> <!-- propertyfile.Propertyfile1 -->
    </test> <!-- Default test -->
  </suite> <!-- Default suite -->
</testng-results>
